[2025-10-05 18:08:51] local.ERROR: The "-e" option does not exist. {"exception":"[object] (Symfony\\Component\\Console\\Exception\\RuntimeException(code: 0): The \"-e\" option does not exist. at C:\\Users\\Kobsy\\Documents\\Dev\\Justagood-Media-Lab\\vendor\\symfony\\console\\Input\\ArgvInput.php:125)
[stacktrace]
#0 C:\\Users\\Kobsy\\Documents\\Dev\\Justagood-Media-Lab\\vendor\\symfony\\console\\Input\\ArgvInput.php(107): Symfony\\Component\\Console\\Input\\ArgvInput->parseShortOptionSet('encodedCommand')
#1 C:\\Users\\Kobsy\\Documents\\Dev\\Justagood-Media-Lab\\vendor\\symfony\\console\\Input\\ArgvInput.php(87): Symfony\\Component\\Console\\Input\\ArgvInput->parseShortOption('-encodedCommand')
#2 C:\\Users\\Kobsy\\Documents\\Dev\\Justagood-Media-Lab\\vendor\\symfony\\console\\Input\\ArgvInput.php(74): Symfony\\Component\\Console\\Input\\ArgvInput->parseToken('-encodedCommand', true)
#3 C:\\Users\\Kobsy\\Documents\\Dev\\Justagood-Media-Lab\\vendor\\symfony\\console\\Input\\Input.php(56): Symfony\\Component\\Console\\Input\\ArgvInput->parse()
#4 C:\\Users\\Kobsy\\Documents\\Dev\\Justagood-Media-Lab\\vendor\\symfony\\console\\Command\\Command.php(285): Symfony\\Component\\Console\\Input\\Input->bind(Object(Symfony\\Component\\Console\\Input\\InputDefinition))
#5 C:\\Users\\Kobsy\\Documents\\Dev\\Justagood-Media-Lab\\vendor\\laravel\\framework\\src\\Illuminate\\Console\\Command.php(180): Symfony\\Component\\Console\\Command\\Command->run(Object(Symfony\\Component\\Console\\Input\\ArgvInput), Object(Illuminate\\Console\\OutputStyle))
#6 C:\\Users\\Kobsy\\Documents\\Dev\\Justagood-Media-Lab\\vendor\\symfony\\console\\Application.php(1096): Illuminate\\Console\\Command->run(Object(Symfony\\Component\\Console\\Input\\ArgvInput), Object(Symfony\\Component\\Console\\Output\\ConsoleOutput))
#7 C:\\Users\\Kobsy\\Documents\\Dev\\Justagood-Media-Lab\\vendor\\symfony\\console\\Application.php(324): Symfony\\Component\\Console\\Application->doRunCommand(Object(Laravel\\Tinker\\Console\\TinkerCommand), Object(Symfony\\Component\\Console\\Input\\ArgvInput), Object(Symfony\\Component\\Console\\Output\\ConsoleOutput))
#8 C:\\Users\\Kobsy\\Documents\\Dev\\Justagood-Media-Lab\\vendor\\symfony\\console\\Application.php(175): Symfony\\Component\\Console\\Application->doRun(Object(Symfony\\Component\\Console\\Input\\ArgvInput), Object(Symfony\\Component\\Console\\Output\\ConsoleOutput))
#9 C:\\Users\\Kobsy\\Documents\\Dev\\Justagood-Media-Lab\\vendor\\laravel\\framework\\src\\Illuminate\\Foundation\\Console\\Kernel.php(201): Symfony\\Component\\Console\\Application->run(Object(Symfony\\Component\\Console\\Input\\ArgvInput), Object(Symfony\\Component\\Console\\Output\\ConsoleOutput))
#10 C:\\Users\\Kobsy\\Documents\\Dev\\Justagood-Media-Lab\\artisan(35): Illuminate\\Foundation\\Console\\Kernel->handle(Object(Symfony\\Component\\Console\\Input\\ArgvInput), Object(Symfony\\Component\\Console\\Output\\ConsoleOutput))
#11 {main}
"} 
[2025-10-05 18:09:36] local.ERROR: file_put_contents(C:\Users\Kobsy\Documents\Dev\Justagood-Media-Lab\storage\framework/sessions/O7t2G3Zx8lqigMzHlfG3M6zebR1sp9iOu413130J): Failed to open stream: No such file or directory {"exception":"[object] (ErrorException(code: 0): file_put_contents(C:\\Users\\Kobsy\\Documents\\Dev\\Justagood-Media-Lab\\storage\\framework/sessions/O7t2G3Zx8lqigMzHlfG3M6zebR1sp9iOu413130J): Failed to open stream: No such file or directory at C:\\Users\\Kobsy\\Documents\\Dev\\Justagood-Media-Lab\\vendor\\laravel\\framework\\src\\Illuminate\\Filesystem\\Filesystem.php:204)
[stacktrace]
#0 C:\\Users\\Kobsy\\Documents\\Dev\\Justagood-Media-Lab\\vendor\\laravel\\framework\\src\\Illuminate\\Foundation\\Bootstrap\\HandleExceptions.php(255): Illuminate\\Foundation\\Bootstrap\\HandleExceptions->handleError(2, 'file_put_conten...', 'C:\\\\Users\\\\Kobsy\\\\...', 204)
#1 [internal function]: Illuminate\\Foundation\\Bootstrap\\HandleExceptions->Illuminate\\Foundation\\Bootstrap\\{closure}(2, 'file_put_conten...', 'C:\\\\Users\\\\Kobsy\\\\...', 204)
#2 C:\\Users\\Kobsy\\Documents\\Dev\\Justagood-Media-Lab\\vendor\\laravel\\framework\\src\\Illuminate\\Filesystem\\Filesystem.php(204): file_put_contents('C:\\\\Users\\\\Kobsy\\\\...', 'a:2:{s:6:\"_toke...', 2)
#3 C:\\Users\\Kobsy\\Documents\\Dev\\Justagood-Media-Lab\\vendor\\laravel\\framework\\src\\Illuminate\\Session\\FileSessionHandler.php(90): Illuminate\\Filesystem\\Filesystem->put('C:\\\\Users\\\\Kobsy\\\\...', 'a:2:{s:6:\"_toke...', true)
#4 C:\\Users\\Kobsy\\Documents\\Dev\\Justagood-Media-Lab\\vendor\\laravel\\framework\\src\\Illuminate\\Session\\Store.php(172): Illuminate\\Session\\FileSessionHandler->write('O7t2G3Zx8lqigMz...', 'a:2:{s:6:\"_toke...')
#5 C:\\Users\\Kobsy\\Documents\\Dev\\Justagood-Media-Lab\\vendor\\laravel\\framework\\src\\Illuminate\\Session\\Middleware\\StartSession.php(245): Illuminate\\Session\\Store->save()
#6 C:\\Users\\Kobsy\\Documents\\Dev\\Justagood-Media-Lab\\vendor\\laravel\\framework\\src\\Illuminate\\Session\\Middleware\\StartSession.php(130): Illuminate\\Session\\Middleware\\StartSession->saveSession(Object(Illuminate\\Http\\Request))
#7 C:\\Users\\Kobsy\\Documents\\Dev\\Justagood-Media-Lab\\vendor\\laravel\\framework\\src\\Illuminate\\Session\\Middleware\\StartSession.php(64): Illuminate\\Session\\Middleware\\StartSession->handleStatefulRequest(Object(Illuminate\\Http\\Request), Object(Illuminate\\Session\\Store), Object(Closure))
#8 C:\\Users\\Kobsy\\Documents\\Dev\\Justagood-Media-Lab\\vendor\\laravel\\framework\\src\\Illuminate\\Pipeline\\Pipeline.php(183): Illuminate\\Session\\Middleware\\StartSession->handle(Object(Illuminate\\Http\\Request), Object(Closure))
#9 C:\\Users\\Kobsy\\Documents\\Dev\\Justagood-Media-Lab\\vendor\\laravel\\framework\\src\\Illuminate\\Cookie\\Middleware\\AddQueuedCookiesToResponse.php(37): Illuminate\\Pipeline\\Pipeline->Illuminate\\Pipeline\\{closure}(Object(Illuminate\\Http\\Request))
#10 C:\\Users\\Kobsy\\Documents\\Dev\\Justagood-Media-Lab\\vendor\\laravel\\framework\\src\\Illuminate\\Pipeline\\Pipeline.php(183): Illuminate\\Cookie\\Middleware\\AddQueuedCookiesToResponse->handle(Object(Illuminate\\Http\\Request), Object(Closure))
#11 C:\\Users\\Kobsy\\Documents\\Dev\\Justagood-Media-Lab\\vendor\\laravel\\framework\\src\\Illuminate\\Cookie\\Middleware\\EncryptCookies.php(67): Illuminate\\Pipeline\\Pipeline->Illuminate\\Pipeline\\{closure}(Object(Illuminate\\Http\\Request))
#12 C:\\Users\\Kobsy\\Documents\\Dev\\Justagood-Media-Lab\\vendor\\laravel\\framework\\src\\Illuminate\\Pipeline\\Pipeline.php(183): Illuminate\\Cookie\\Middleware\\EncryptCookies->handle(Object(Illuminate\\Http\\Request), Object(Closure))
#13 C:\\Users\\Kobsy\\Documents\\Dev\\Justagood-Media-Lab\\vendor\\laravel\\framework\\src\\Illuminate\\Pipeline\\Pipeline.php(119): Illuminate\\Pipeline\\Pipeline->Illuminate\\Pipeline\\{closure}(Object(Illuminate\\Http\\Request))
#14 C:\\Users\\Kobsy\\Documents\\Dev\\Justagood-Media-Lab\\vendor\\laravel\\framework\\src\\Illuminate\\Routing\\Router.php(805): Illuminate\\Pipeline\\Pipeline->then(Object(Closure))
#15 C:\\Users\\Kobsy\\Documents\\Dev\\Justagood-Media-Lab\\vendor\\laravel\\framework\\src\\Illuminate\\Routing\\Router.php(784): Illuminate\\Routing\\Router->runRouteWithinStack(Object(Illuminate\\Routing\\Route), Object(Illuminate\\Http\\Request))
#16 C:\\Users\\Kobsy\\Documents\\Dev\\Justagood-Media-Lab\\vendor\\laravel\\framework\\src\\Illuminate\\Routing\\Router.php(748): Illuminate\\Routing\\Router->runRoute(Object(Illuminate\\Http\\Request), Object(Illuminate\\Routing\\Route))
#17 C:\\Users\\Kobsy\\Documents\\Dev\\Justagood-Media-Lab\\vendor\\laravel\\framework\\src\\Illuminate\\Routing\\Router.php(737): Illuminate\\Routing\\Router->dispatchToRoute(Object(Illuminate\\Http\\Request))
#18 C:\\Users\\Kobsy\\Documents\\Dev\\Justagood-Media-Lab\\vendor\\laravel\\framework\\src\\Illuminate\\Foundation\\Http\\Kernel.php(200): Illuminate\\Routing\\Router->dispatch(Object(Illuminate\\Http\\Request))
#19 C:\\Users\\Kobsy\\Documents\\Dev\\Justagood-Media-Lab\\vendor\\laravel\\framework\\src\\Illuminate\\Pipeline\\Pipeline.php(144): Illuminate\\Foundation\\Http\\Kernel->Illuminate\\Foundation\\Http\\{closure}(Object(Illuminate\\Http\\Request))
#20 C:\\Users\\Kobsy\\Documents\\Dev\\Justagood-Media-Lab\\vendor\\laravel\\framework\\src\\Illuminate\\Foundation\\Http\\Middleware\\TransformsRequest.php(21): Illuminate\\Pipeline\\Pipeline->Illuminate\\Pipeline\\{closure}(Object(Illuminate\\Http\\Request))
#21 C:\\Users\\Kobsy\\Documents\\Dev\\Justagood-Media-Lab\\vendor\\laravel\\framework\\src\\Illuminate\\Foundation\\Http\\Middleware\\ConvertEmptyStringsToNull.php(31): Illuminate\\Foundation\\Http\\Middleware\\TransformsRequest->handle(Object(Illuminate\\Http\\Request), Object(Closure))
#22 C:\\Users\\Kobsy\\Documents\\Dev\\Justagood-Media-Lab\\vendor\\laravel\\framework\\src\\Illuminate\\Pipeline\\Pipeline.php(183): Illuminate\\Foundation\\Http\\Middleware\\ConvertEmptyStringsToNull->handle(Object(Illuminate\\Http\\Request), Object(Closure))
#23 C:\\Users\\Kobsy\\Documents\\Dev\\Justagood-Media-Lab\\vendor\\laravel\\framework\\src\\Illuminate\\Foundation\\Http\\Middleware\\TransformsRequest.php(21): Illuminate\\Pipeline\\Pipeline->Illuminate\\Pipeline\\{closure}(Object(Illuminate\\Http\\Request))
#24 C:\\Users\\Kobsy\\Documents\\Dev\\Justagood-Media-Lab\\vendor\\laravel\\framework\\src\\Illuminate\\Foundation\\Http\\Middleware\\TrimStrings.php(40): Illuminate\\Foundation\\Http\\Middleware\\TransformsRequest->handle(Object(Illuminate\\Http\\Request), Object(Closure))
#25 C:\\Users\\Kobsy\\Documents\\Dev\\Justagood-Media-Lab\\vendor\\laravel\\framework\\src\\Illuminate\\Pipeline\\Pipeline.php(183): Illuminate\\Foundation\\Http\\Middleware\\TrimStrings->handle(Object(Illuminate\\Http\\Request), Object(Closure))
#26 C:\\Users\\Kobsy\\Documents\\Dev\\Justagood-Media-Lab\\vendor\\laravel\\framework\\src\\Illuminate\\Foundation\\Http\\Middleware\\ValidatePostSize.php(27): Illuminate\\Pipeline\\Pipeline->Illuminate\\Pipeline\\{closure}(Object(Illuminate\\Http\\Request))
#27 C:\\Users\\Kobsy\\Documents\\Dev\\Justagood-Media-Lab\\vendor\\laravel\\framework\\src\\Illuminate\\Pipeline\\Pipeline.php(183): Illuminate\\Foundation\\Http\\Middleware\\ValidatePostSize->handle(Object(Illuminate\\Http\\Request), Object(Closure))
#28 C:\\Users\\Kobsy\\Documents\\Dev\\Justagood-Media-Lab\\vendor\\laravel\\framework\\src\\Illuminate\\Foundation\\Http\\Middleware\\PreventRequestsDuringMaintenance.php(99): Illuminate\\Pipeline\\Pipeline->Illuminate\\Pipeline\\{closure}(Object(Illuminate\\Http\\Request))
#29 C:\\Users\\Kobsy\\Documents\\Dev\\Justagood-Media-Lab\\vendor\\laravel\\framework\\src\\Illuminate\\Pipeline\\Pipeline.php(183): Illuminate\\Foundation\\Http\\Middleware\\PreventRequestsDuringMaintenance->handle(Object(Illuminate\\Http\\Request), Object(Closure))
#30 C:\\Users\\Kobsy\\Documents\\Dev\\Justagood-Media-Lab\\vendor\\laravel\\framework\\src\\Illuminate\\Http\\Middleware\\HandleCors.php(62): Illuminate\\Pipeline\\Pipeline->Illuminate\\Pipeline\\{closure}(Object(Illuminate\\Http\\Request))
#31 C:\\Users\\Kobsy\\Documents\\Dev\\Justagood-Media-Lab\\vendor\\laravel\\framework\\src\\Illuminate\\Pipeline\\Pipeline.php(183): Illuminate\\Http\\Middleware\\HandleCors->handle(Object(Illuminate\\Http\\Request), Object(Closure))
#32 C:\\Users\\Kobsy\\Documents\\Dev\\Justagood-Media-Lab\\vendor\\laravel\\framework\\src\\Illuminate\\Http\\Middleware\\TrustProxies.php(39): Illuminate\\Pipeline\\Pipeline->Illuminate\\Pipeline\\{closure}(Object(Illuminate\\Http\\Request))
#33 C:\\Users\\Kobsy\\Documents\\Dev\\Justagood-Media-Lab\\vendor\\laravel\\framework\\src\\Illuminate\\Pipeline\\Pipeline.php(183): Illuminate\\Http\\Middleware\\TrustProxies->handle(Object(Illuminate\\Http\\Request), Object(Closure))
#34 C:\\Users\\Kobsy\\Documents\\Dev\\Justagood-Media-Lab\\vendor\\laravel\\framework\\src\\Illuminate\\Pipeline\\Pipeline.php(119): Illuminate\\Pipeline\\Pipeline->Illuminate\\Pipeline\\{closure}(Object(Illuminate\\Http\\Request))
#35 C:\\Users\\Kobsy\\Documents\\Dev\\Justagood-Media-Lab\\vendor\\laravel\\framework\\src\\Illuminate\\Foundation\\Http\\Kernel.php(175): Illuminate\\Pipeline\\Pipeline->then(Object(Closure))
#36 C:\\Users\\Kobsy\\Documents\\Dev\\Justagood-Media-Lab\\vendor\\laravel\\framework\\src\\Illuminate\\Foundation\\Http\\Kernel.php(144): Illuminate\\Foundation\\Http\\Kernel->sendRequestThroughRouter(Object(Illuminate\\Http\\Request))
#37 C:\\Users\\Kobsy\\Documents\\Dev\\Justagood-Media-Lab\\public\\index.php(51): Illuminate\\Foundation\\Http\\Kernel->handle(Object(Illuminate\\Http\\Request))
#38 C:\\Users\\Kobsy\\Documents\\Dev\\Justagood-Media-Lab\\vendor\\laravel\\framework\\src\\Illuminate\\Foundation\\resources\\server.php(16): require_once('C:\\\\Users\\\\Kobsy\\\\...')
#39 {main}
"} 
[2025-10-05 18:13:56] local.INFO: Broadcasting [media.updated] on channels [media-updates] with payload:
{
    "id": 3,
    "action": "updated",
    "item": {
        "id": 3,
        "category_id": 30,
        "title": "The Hobbit: The Desolation of Smaug",
        "category": "movie",
        "watchlist_type": null,
        "release": "2013-12-11",
        "rating": null,
        "count": 1,
        "platforms": null,
        "genre": "The Dwarves, Bilbo and Gandalf have successfully escaped the Misty Mountains, and Bilbo has gained the One Ring. They all continue their journey to get their gold back from the Dragon, Smaug.",
        "description": null,
        "link": null,
        "path": "http:\/\/localhost:8000\/storage\/https:\/\/image.tmdb.org\/t\/p\/w200\/xQYiXsheRCDBA39DOrmaw1aSpbk.jpg",
        "image_url": "http:\/\/localhost:8000\/storage\/http:\/\/localhost:8000\/storage\/https:\/\/image.tmdb.org\/t\/p\/w200\/xQYiXsheRCDBA39DOrmaw1aSpbk.jpg",
        "discovered": null,
        "spielzeit": 0,
        "is_airing": false,
        "next_season": null,
        "next_season_release": null,
        "external_id": null,
        "created_at": "2025-10-04T08:23:26.000000Z",
        "updated_at": "2025-10-05T18:13:56.000000Z",
        "user_id": 1,
        "category_name": "movie"
    },
    "timestamp": "2025-10-05T18:13:56.278788Z",
    "user_id": 1,
    "socket": null
}  
[2025-10-05 18:13:56] local.INFO: Broadcasting [media.updated] on channels [media-updates] with payload:
{
    "id": 3,
    "action": "updated",
    "item": {
        "id": 3,
        "category_id": 30,
        "title": "The Hobbit: The Desolation of Smaug",
        "category": "movie",
        "watchlist_type": null,
        "release": "2013-12-11",
        "rating": null,
        "count": 1,
        "platforms": null,
        "genre": "The Dwarves, Bilbo and Gandalf have successfully escaped the Misty Mountains, and Bilbo has gained the One Ring. They all continue their journey to get their gold back from the Dragon, Smaug.",
        "description": null,
        "link": null,
        "path": "http:\/\/localhost:8000\/storage\/https:\/\/image.tmdb.org\/t\/p\/w200\/xQYiXsheRCDBA39DOrmaw1aSpbk.jpg",
        "image_url": "http:\/\/localhost:8000\/storage\/http:\/\/localhost:8000\/storage\/https:\/\/image.tmdb.org\/t\/p\/w200\/xQYiXsheRCDBA39DOrmaw1aSpbk.jpg",
        "discovered": null,
        "spielzeit": 0,
        "is_airing": false,
        "next_season": null,
        "next_season_release": null,
        "external_id": null,
        "created_at": "2025-10-04T08:23:26.000000Z",
        "updated_at": "2025-10-05T18:13:56.000000Z",
        "user_id": 1,
        "category_name": "movie"
    },
    "timestamp": "2025-10-05T18:13:56.806831Z",
    "user_id": 1,
    "socket": null
}  
[2025-10-05 18:19:07] local.INFO: Broadcasting [media.updated] on channels [media-updates] with payload:
{
    "id": 5,
    "action": "created",
    "item": {
        "id": 5,
        "category_id": 29,
        "title": "Wednesday",
        "category": "series",
        "watchlist_type": null,
        "release": "2022-11-23",
        "rating": null,
        "count": 1,
        "platforms": null,
        "genre": "Smart, sarcastic and a little dead inside, Wednesday Addams investigates twisted mysteries while making new friends \u2014 and foes \u2014 at Nevermore Academy.",
        "description": null,
        "link": null,
        "path": "https:\/\/image.tmdb.org\/t\/p\/w200\/36xXlhEpQqVVPuiZhfoQuaY4OlA.jpg",
        "image_url": "http:\/\/localhost:8000\/storage\/https:\/\/image.tmdb.org\/t\/p\/w200\/36xXlhEpQqVVPuiZhfoQuaY4OlA.jpg",
        "discovered": null,
        "spielzeit": null,
        "is_airing": false,
        "next_season": null,
        "next_season_release": null,
        "external_id": null,
        "created_at": "2025-10-05T18:19:07.000000Z",
        "updated_at": "2025-10-05T18:19:07.000000Z",
        "user_id": 1,
        "category_name": "series"
    },
    "timestamp": "2025-10-05T18:19:07.214731Z",
    "user_id": 1,
    "socket": null
}  
[2025-10-05 18:19:26] local.INFO: Broadcasting [media.updated] on channels [media-updates] with payload:
{
    "id": 6,
    "action": "created",
    "item": {
        "id": 6,
        "category_id": 29,
        "title": "Dragon Ball Super",
        "category": "series",
        "watchlist_type": null,
        "release": "2015-07-05",
        "rating": null,
        "count": 1,
        "platforms": null,
        "genre": "With Majin Buu defeated half-a-year prior, peace returns to Earth, where Son Goku (now a radish farmer) and his friends now live peaceful lives. However, a new threat appears in the form of Beerus, the God of Destruction. Considered the most terrifying being in the entire universe, Beerus is eager to fight the legendary warrior seen in a prophecy foretold decades ago known as the Super Saiyan God. The series retells the events from the two Dragon Ball Z films, Battle of Gods and Resurrection 'F' before proceeding to an original story about the exploration of alternate universes.",
        "description": null,
        "link": null,
        "path": "https:\/\/image.tmdb.org\/t\/p\/w200\/qEUrbXJ2qt4Rg84Btlx4STOhgte.jpg",
        "image_url": "http:\/\/localhost:8000\/storage\/https:\/\/image.tmdb.org\/t\/p\/w200\/qEUrbXJ2qt4Rg84Btlx4STOhgte.jpg",
        "discovered": null,
        "spielzeit": null,
        "is_airing": false,
        "next_season": null,
        "next_season_release": null,
        "external_id": null,
        "created_at": "2025-10-05T18:19:26.000000Z",
        "updated_at": "2025-10-05T18:19:26.000000Z",
        "user_id": 1,
        "category_name": "series"
    },
    "timestamp": "2025-10-05T18:19:26.488643Z",
    "user_id": 1,
    "socket": null
}  
[2025-10-05 18:20:06] local.INFO: MediaController update request data: {"title":"Wednesday","category":"series","count":1,"release":"2022-11-23","rating":null,"platforms":null,"genre":"Smart, sarcastic and a little dead inside, Wednesday Addams investigates twisted mysteries while making new friends — and foes — at Nevermore Academy.","link":null,"path":"http://localhost:8000/storage/https://image.tmdb.org/t/p/w200/36xXlhEpQqVVPuiZhfoQuaY4OlA.jpg","discovered":null,"spielzeit":0,"next_season":null,"next_season_release":null,"watchlist_type":null} 
[2025-10-05 18:20:06] local.INFO: MediaController update result: {"id":5,"category_id":29,"title":"Wednesday","category":"series","watchlist_type":null,"release":"2022-11-23","rating":null,"count":1,"platforms":null,"genre":"Smart, sarcastic and a little dead inside, Wednesday Addams investigates twisted mysteries while making new friends — and foes — at Nevermore Academy.","description":null,"link":null,"path":"http://localhost:8000/storage/https://image.tmdb.org/t/p/w200/36xXlhEpQqVVPuiZhfoQuaY4OlA.jpg","image_url":"http://localhost:8000/storage/http://localhost:8000/storage/https://image.tmdb.org/t/p/w200/36xXlhEpQqVVPuiZhfoQuaY4OlA.jpg","discovered":null,"spielzeit":0,"is_airing":false,"next_season":null,"next_season_release":null,"external_id":null,"created_at":"2025-10-05T18:19:07.000000Z","updated_at":"2025-10-05T18:20:06.000000Z","user_id":1,"category_name":"series"} 
[2025-10-05 18:20:06] local.INFO: Broadcasting [media.updated] on channels [media-updates] with payload:
{
    "id": 5,
    "action": "updated",
    "item": {
        "id": 5,
        "category_id": 29,
        "title": "Wednesday",
        "category": "series",
        "watchlist_type": null,
        "release": "2022-11-23",
        "rating": null,
        "count": 1,
        "platforms": null,
        "genre": "Smart, sarcastic and a little dead inside, Wednesday Addams investigates twisted mysteries while making new friends \u2014 and foes \u2014 at Nevermore Academy.",
        "description": null,
        "link": null,
        "path": "http:\/\/localhost:8000\/storage\/https:\/\/image.tmdb.org\/t\/p\/w200\/36xXlhEpQqVVPuiZhfoQuaY4OlA.jpg",
        "image_url": "http:\/\/localhost:8000\/storage\/http:\/\/localhost:8000\/storage\/https:\/\/image.tmdb.org\/t\/p\/w200\/36xXlhEpQqVVPuiZhfoQuaY4OlA.jpg",
        "discovered": null,
        "spielzeit": 0,
        "is_airing": false,
        "next_season": null,
        "next_season_release": null,
        "external_id": null,
        "created_at": "2025-10-05T18:19:07.000000Z",
        "updated_at": "2025-10-05T18:20:06.000000Z",
        "user_id": 1,
        "category_name": "series"
    },
    "timestamp": "2025-10-05T18:20:06.951976Z",
    "user_id": 1,
    "socket": null
}  
[2025-10-05 18:20:07] local.INFO: MediaController update request data: {"title":"Wednesday","category":"series","count":1,"release":"2022-11-23","rating":null,"platforms":null,"genre":"Smart, sarcastic and a little dead inside, Wednesday Addams investigates twisted mysteries while making new friends — and foes — at Nevermore Academy.","link":null,"path":"http://localhost:8000/storage/https://image.tmdb.org/t/p/w200/36xXlhEpQqVVPuiZhfoQuaY4OlA.jpg","discovered":null,"spielzeit":0,"next_season":null,"next_season_release":null,"watchlist_type":null} 
[2025-10-05 18:20:07] local.INFO: MediaController update result: {"id":5,"category_id":29,"title":"Wednesday","category":"series","watchlist_type":null,"release":"2022-11-23","rating":null,"count":1,"platforms":null,"genre":"Smart, sarcastic and a little dead inside, Wednesday Addams investigates twisted mysteries while making new friends — and foes — at Nevermore Academy.","description":null,"link":null,"path":"http://localhost:8000/storage/https://image.tmdb.org/t/p/w200/36xXlhEpQqVVPuiZhfoQuaY4OlA.jpg","image_url":"http://localhost:8000/storage/http://localhost:8000/storage/https://image.tmdb.org/t/p/w200/36xXlhEpQqVVPuiZhfoQuaY4OlA.jpg","discovered":null,"spielzeit":0,"is_airing":false,"next_season":null,"next_season_release":null,"external_id":null,"created_at":"2025-10-05T18:19:07.000000Z","updated_at":"2025-10-05T18:20:06.000000Z","user_id":1,"category_name":"series"} 
[2025-10-05 18:20:07] local.INFO: Broadcasting [media.updated] on channels [media-updates] with payload:
{
    "id": 5,
    "action": "updated",
    "item": {
        "id": 5,
        "category_id": 29,
        "title": "Wednesday",
        "category": "series",
        "watchlist_type": null,
        "release": "2022-11-23",
        "rating": null,
        "count": 1,
        "platforms": null,
        "genre": "Smart, sarcastic and a little dead inside, Wednesday Addams investigates twisted mysteries while making new friends \u2014 and foes \u2014 at Nevermore Academy.",
        "description": null,
        "link": null,
        "path": "http:\/\/localhost:8000\/storage\/https:\/\/image.tmdb.org\/t\/p\/w200\/36xXlhEpQqVVPuiZhfoQuaY4OlA.jpg",
        "image_url": "http:\/\/localhost:8000\/storage\/http:\/\/localhost:8000\/storage\/https:\/\/image.tmdb.org\/t\/p\/w200\/36xXlhEpQqVVPuiZhfoQuaY4OlA.jpg",
        "discovered": null,
        "spielzeit": 0,
        "is_airing": false,
        "next_season": null,
        "next_season_release": null,
        "external_id": null,
        "created_at": "2025-10-05T18:19:07.000000Z",
        "updated_at": "2025-10-05T18:20:06.000000Z",
        "user_id": 1,
        "category_name": "series"
    },
    "timestamp": "2025-10-05T18:20:07.270068Z",
    "user_id": 1,
    "socket": null
}  
[2025-10-05 18:22:06] local.INFO: MediaController update request data: {"title":"Dragon Ball Super","category":"series","count":1,"release":"2015-07-05","rating":null,"platforms":null,"genre":"With Majin Buu defeated half-a-year prior, peace returns to Earth, where Son Goku (now a radish farmer) and his friends now live peaceful lives. However, a new threat appears in the form of Beerus, the God of Destruction. Considered the most terrifying being in the entire universe, Beerus is eager to fight the legendary warrior seen in a prophecy foretold decades ago known as the Super Saiyan God. The series retells the events from the two Dragon Ball Z films, Battle of Gods and Resurrection 'F' before proceeding to an original story about the exploration of alternate universes.","link":null,"path":"https://image.tmdb.org/t/p/w200/qEUrbXJ2qt4Rg84Btlx4STOhgte.jpg","discovered":null,"spielzeit":0,"next_season":null,"next_season_release":null,"watchlist_type":null} 
[2025-10-05 18:22:06] local.INFO: MediaController update result: {"id":6,"category_id":29,"title":"Dragon Ball Super","category":"series","watchlist_type":null,"release":"2015-07-05","rating":null,"count":1,"platforms":null,"genre":"With Majin Buu defeated half-a-year prior, peace returns to Earth, where Son Goku (now a radish farmer) and his friends now live peaceful lives. However, a new threat appears in the form of Beerus, the God of Destruction. Considered the most terrifying being in the entire universe, Beerus is eager to fight the legendary warrior seen in a prophecy foretold decades ago known as the Super Saiyan God. The series retells the events from the two Dragon Ball Z films, Battle of Gods and Resurrection 'F' before proceeding to an original story about the exploration of alternate universes.","description":null,"link":null,"path":"https://image.tmdb.org/t/p/w200/qEUrbXJ2qt4Rg84Btlx4STOhgte.jpg","image_url":"https://image.tmdb.org/t/p/w200/qEUrbXJ2qt4Rg84Btlx4STOhgte.jpg","discovered":null,"spielzeit":0,"is_airing":false,"next_season":null,"next_season_release":null,"external_id":null,"created_at":"2025-10-05T18:19:26.000000Z","updated_at":"2025-10-05T18:22:06.000000Z","user_id":1,"category_name":"series"} 
[2025-10-05 18:22:06] local.INFO: Broadcasting [media.updated] on channels [media-updates] with payload:
{
    "id": 6,
    "action": "updated",
    "item": {
        "id": 6,
        "category_id": 29,
        "title": "Dragon Ball Super",
        "category": "series",
        "watchlist_type": null,
        "release": "2015-07-05",
        "rating": null,
        "count": 1,
        "platforms": null,
        "genre": "With Majin Buu defeated half-a-year prior, peace returns to Earth, where Son Goku (now a radish farmer) and his friends now live peaceful lives. However, a new threat appears in the form of Beerus, the God of Destruction. Considered the most terrifying being in the entire universe, Beerus is eager to fight the legendary warrior seen in a prophecy foretold decades ago known as the Super Saiyan God. The series retells the events from the two Dragon Ball Z films, Battle of Gods and Resurrection 'F' before proceeding to an original story about the exploration of alternate universes.",
        "description": null,
        "link": null,
        "path": "https:\/\/image.tmdb.org\/t\/p\/w200\/qEUrbXJ2qt4Rg84Btlx4STOhgte.jpg",
        "image_url": "https:\/\/image.tmdb.org\/t\/p\/w200\/qEUrbXJ2qt4Rg84Btlx4STOhgte.jpg",
        "discovered": null,
        "spielzeit": 0,
        "is_airing": false,
        "next_season": null,
        "next_season_release": null,
        "external_id": null,
        "created_at": "2025-10-05T18:19:26.000000Z",
        "updated_at": "2025-10-05T18:22:06.000000Z",
        "user_id": 1,
        "category_name": "series"
    },
    "timestamp": "2025-10-05T18:22:06.245511Z",
    "user_id": 1,
    "socket": null
}  
[2025-10-05 18:24:23] local.INFO: MediaController update request data: {"title":"Dragon Ball Super","category":"series","count":1,"release":"2015-07-05","rating":null,"platforms":null,"genre":"With Majin Buu defeated half-a-year prior, peace returns to Earth, where Son Goku (now a radish farmer) and his friends now live peaceful lives. However, a new threat appears in the form of Beerus, the God of Destruction. Considered the most terrifying being in the entire universe, Beerus is eager to fight the legendary warrior seen in a prophecy foretold decades ago known as the Super Saiyan God. The series retells the events from the two Dragon Ball Z films, Battle of Gods and Resurrection 'F' before proceeding to an original story about the exploration of alternate universes.","link":null,"path":"https://image.tmdb.org/t/p/w200/qEUrbXJ2qt4Rg84Btlx4STOhgte.jpg","discovered":null,"spielzeit":0,"next_season":null,"next_season_release":null,"watchlist_type":null} 
[2025-10-05 18:24:23] local.INFO: MediaController update result: {"id":6,"category_id":29,"title":"Dragon Ball Super","category":"series","watchlist_type":null,"release":"2015-07-05","rating":null,"count":1,"platforms":null,"genre":"With Majin Buu defeated half-a-year prior, peace returns to Earth, where Son Goku (now a radish farmer) and his friends now live peaceful lives. However, a new threat appears in the form of Beerus, the God of Destruction. Considered the most terrifying being in the entire universe, Beerus is eager to fight the legendary warrior seen in a prophecy foretold decades ago known as the Super Saiyan God. The series retells the events from the two Dragon Ball Z films, Battle of Gods and Resurrection 'F' before proceeding to an original story about the exploration of alternate universes.","description":null,"link":null,"path":"https://image.tmdb.org/t/p/w200/qEUrbXJ2qt4Rg84Btlx4STOhgte.jpg","image_url":null,"discovered":null,"spielzeit":0,"is_airing":false,"next_season":null,"next_season_release":null,"external_id":null,"created_at":"2025-10-05T18:19:26.000000Z","updated_at":"2025-10-05T18:22:06.000000Z","user_id":1,"category_name":"series"} 
[2025-10-05 18:24:23] local.INFO: Broadcasting [media.updated] on channels [media-updates] with payload:
{
    "id": 6,
    "action": "updated",
    "item": {
        "id": 6,
        "category_id": 29,
        "title": "Dragon Ball Super",
        "category": "series",
        "watchlist_type": null,
        "release": "2015-07-05",
        "rating": null,
        "count": 1,
        "platforms": null,
        "genre": "With Majin Buu defeated half-a-year prior, peace returns to Earth, where Son Goku (now a radish farmer) and his friends now live peaceful lives. However, a new threat appears in the form of Beerus, the God of Destruction. Considered the most terrifying being in the entire universe, Beerus is eager to fight the legendary warrior seen in a prophecy foretold decades ago known as the Super Saiyan God. The series retells the events from the two Dragon Ball Z films, Battle of Gods and Resurrection 'F' before proceeding to an original story about the exploration of alternate universes.",
        "description": null,
        "link": null,
        "path": "https:\/\/image.tmdb.org\/t\/p\/w200\/qEUrbXJ2qt4Rg84Btlx4STOhgte.jpg",
        "image_url": null,
        "discovered": null,
        "spielzeit": 0,
        "is_airing": false,
        "next_season": null,
        "next_season_release": null,
        "external_id": null,
        "created_at": "2025-10-05T18:19:26.000000Z",
        "updated_at": "2025-10-05T18:22:06.000000Z",
        "user_id": 1,
        "category_name": "series"
    },
    "timestamp": "2025-10-05T18:24:23.062689Z",
    "user_id": 1,
    "socket": null
}  
[2025-10-05 18:28:05] local.INFO: Broadcasting [media.updated] on channels [media-updates] with payload:
{
    "id": 5,
    "action": "updated",
    "item": {
        "id": 5,
        "category_id": 29,
        "title": "Wednesday",
        "category": "series",
        "watchlist_type": null,
        "release": "2022-11-23",
        "rating": null,
        "count": 1,
        "platforms": null,
        "genre": "Smart, sarcastic and a little dead inside, Wednesday Addams investigates twisted mysteries while making new friends \u2014 and foes \u2014 at Nevermore Academy.",
        "description": null,
        "link": null,
        "path": "https:\/\/image.tmdb.org\/t\/p\/w200\/36xXlhEpQqVVPuiZhfoQuaY4OlA.jpg",
        "image_url": "https:\/\/image.tmdb.org\/t\/p\/w200\/36xXlhEpQqVVPuiZhfoQuaY4OlA.jpg",
        "discovered": null,
        "spielzeit": 0,
        "is_airing": false,
        "next_season": null,
        "next_season_release": null,
        "external_id": null,
        "created_at": "2025-10-05T18:19:07.000000Z",
        "updated_at": "2025-10-05T18:28:05.000000Z",
        "user_id": 1,
        "category_name": "series"
    },
    "timestamp": "2025-10-05T18:28:05.821654Z",
    "user_id": 1,
    "socket": null
}  
[2025-10-05 18:28:38] local.INFO: Broadcasting [media.updated] on channels [media-updates] with payload:
{
    "id": 5,
    "action": "updated",
    "item": {
        "id": 5,
        "category_id": 29,
        "title": "Wednesday",
        "category": "series",
        "watchlist_type": null,
        "release": "2022-11-23",
        "rating": null,
        "count": 1,
        "platforms": null,
        "genre": "Smart, sarcastic and a little dead inside, Wednesday Addams investigates twisted mysteries while making new friends \u2014 and foes \u2014 at Nevermore Academy.",
        "description": null,
        "link": null,
        "path": "https:\/\/image.tmdb.org\/t\/p\/w200\/36xXlhEpQqVVPuiZhfoQuaY4OlA.jpg",
        "image_url": "https:\/\/image.tmdb.org\/t\/p\/w200\/36xXlhEpQqVVPuiZhfoQuaY4OlA.jpg",
        "discovered": null,
        "spielzeit": 0,
        "is_airing": false,
        "next_season": null,
        "next_season_release": null,
        "external_id": null,
        "created_at": "2025-10-05T18:19:07.000000Z",
        "updated_at": "2025-10-05T18:28:05.000000Z",
        "user_id": 1,
        "category_name": "series"
    },
    "timestamp": "2025-10-05T18:28:38.872338Z",
    "user_id": 1,
    "socket": null
}  
[2025-10-05 18:34:03] local.INFO: MediaController update request data: {"title":"Dragon Ball Super","category":"series","count":1,"release":"2015-07-05","rating":null,"platforms":null,"genre":"With Majin Buu defeated half-a-year prior, peace returns to Earth, where Son Goku (now a radish farmer) and his friends now live peaceful lives. However, a new threat appears in the form of Beerus, the God of Destruction. Considered the most terrifying being in the entire universe, Beerus is eager to fight the legendary warrior seen in a prophecy foretold decades ago known as the Super Saiyan God. The series retells the events from the two Dragon Ball Z films, Battle of Gods and Resurrection 'F' before proceeding to an original story about the exploration of alternate universes.","link":null,"path":"https://image.tmdb.org/t/p/w200/qEUrbXJ2qt4Rg84Btlx4STOhgte.jpg","discovered":null,"spielzeit":0,"next_season":null,"next_season_release":null,"watchlist_type":null} 
[2025-10-05 18:34:03] local.ERROR: Illuminate\Log\LogManager::info(): Argument #2 ($context) must be of type array, string given, called in C:\Users\Kobsy\Documents\Dev\Justagood-Media-Lab\vendor\laravel\framework\src\Illuminate\Support\Facades\Facade.php on line 355 {"userId":1,"exception":"[object] (TypeError(code: 0): Illuminate\\Log\\LogManager::info(): Argument #2 ($context) must be of type array, string given, called in C:\\Users\\Kobsy\\Documents\\Dev\\Justagood-Media-Lab\\vendor\\laravel\\framework\\src\\Illuminate\\Support\\Facades\\Facade.php on line 355 at C:\\Users\\Kobsy\\Documents\\Dev\\Justagood-Media-Lab\\vendor\\laravel\\framework\\src\\Illuminate\\Log\\LogManager.php:720)
[stacktrace]
#0 C:\\Users\\Kobsy\\Documents\\Dev\\Justagood-Media-Lab\\vendor\\laravel\\framework\\src\\Illuminate\\Support\\Facades\\Facade.php(355): Illuminate\\Log\\LogManager->info('MediaController...', 'not set')
#1 C:\\Users\\Kobsy\\Documents\\Dev\\Justagood-Media-Lab\\app\\Http\\Controllers\\Api\\MediaController.php(227): Illuminate\\Support\\Facades\\Facade::__callStatic('info', Array)
#2 C:\\Users\\Kobsy\\Documents\\Dev\\Justagood-Media-Lab\\vendor\\laravel\\framework\\src\\Illuminate\\Routing\\Controller.php(54): App\\Http\\Controllers\\Api\\MediaController->update(Object(Illuminate\\Http\\Request), '6')
#3 C:\\Users\\Kobsy\\Documents\\Dev\\Justagood-Media-Lab\\vendor\\laravel\\framework\\src\\Illuminate\\Routing\\ControllerDispatcher.php(43): Illuminate\\Routing\\Controller->callAction('update', Array)
#4 C:\\Users\\Kobsy\\Documents\\Dev\\Justagood-Media-Lab\\vendor\\laravel\\framework\\src\\Illuminate\\Routing\\Route.php(259): Illuminate\\Routing\\ControllerDispatcher->dispatch(Object(Illuminate\\Routing\\Route), Object(App\\Http\\Controllers\\Api\\MediaController), 'update')
#5 C:\\Users\\Kobsy\\Documents\\Dev\\Justagood-Media-Lab\\vendor\\laravel\\framework\\src\\Illuminate\\Routing\\Route.php(205): Illuminate\\Routing\\Route->runController()
#6 C:\\Users\\Kobsy\\Documents\\Dev\\Justagood-Media-Lab\\vendor\\laravel\\framework\\src\\Illuminate\\Routing\\Router.php(806): Illuminate\\Routing\\Route->run()
#7 C:\\Users\\Kobsy\\Documents\\Dev\\Justagood-Media-Lab\\vendor\\laravel\\framework\\src\\Illuminate\\Pipeline\\Pipeline.php(144): Illuminate\\Routing\\Router->Illuminate\\Routing\\{closure}(Object(Illuminate\\Http\\Request))
#8 C:\\Users\\Kobsy\\Documents\\Dev\\Justagood-Media-Lab\\app\\Http\\Middleware\\CheckCategoryDuplicates.php(21): Illuminate\\Pipeline\\Pipeline->Illuminate\\Pipeline\\{closure}(Object(Illuminate\\Http\\Request))
#9 C:\\Users\\Kobsy\\Documents\\Dev\\Justagood-Media-Lab\\vendor\\laravel\\framework\\src\\Illuminate\\Pipeline\\Pipeline.php(183): App\\Http\\Middleware\\CheckCategoryDuplicates->handle(Object(Illuminate\\Http\\Request), Object(Closure))
#10 C:\\Users\\Kobsy\\Documents\\Dev\\Justagood-Media-Lab\\vendor\\laravel\\framework\\src\\Illuminate\\Routing\\Middleware\\SubstituteBindings.php(50): Illuminate\\Pipeline\\Pipeline->Illuminate\\Pipeline\\{closure}(Object(Illuminate\\Http\\Request))
#11 C:\\Users\\Kobsy\\Documents\\Dev\\Justagood-Media-Lab\\vendor\\laravel\\framework\\src\\Illuminate\\Pipeline\\Pipeline.php(183): Illuminate\\Routing\\Middleware\\SubstituteBindings->handle(Object(Illuminate\\Http\\Request), Object(Closure))
#12 C:\\Users\\Kobsy\\Documents\\Dev\\Justagood-Media-Lab\\vendor\\laravel\\framework\\src\\Illuminate\\Routing\\Middleware\\ThrottleRequests.php(159): Illuminate\\Pipeline\\Pipeline->Illuminate\\Pipeline\\{closure}(Object(Illuminate\\Http\\Request))
#13 C:\\Users\\Kobsy\\Documents\\Dev\\Justagood-Media-Lab\\vendor\\laravel\\framework\\src\\Illuminate\\Routing\\Middleware\\ThrottleRequests.php(125): Illuminate\\Routing\\Middleware\\ThrottleRequests->handleRequest(Object(Illuminate\\Http\\Request), Object(Closure), Array)
#14 C:\\Users\\Kobsy\\Documents\\Dev\\Justagood-Media-Lab\\vendor\\laravel\\framework\\src\\Illuminate\\Routing\\Middleware\\ThrottleRequests.php(87): Illuminate\\Routing\\Middleware\\ThrottleRequests->handleRequestUsingNamedLimiter(Object(Illuminate\\Http\\Request), Object(Closure), 'api', Object(Closure))
#15 C:\\Users\\Kobsy\\Documents\\Dev\\Justagood-Media-Lab\\vendor\\laravel\\framework\\src\\Illuminate\\Pipeline\\Pipeline.php(183): Illuminate\\Routing\\Middleware\\ThrottleRequests->handle(Object(Illuminate\\Http\\Request), Object(Closure), 'api')
#16 C:\\Users\\Kobsy\\Documents\\Dev\\Justagood-Media-Lab\\vendor\\laravel\\framework\\src\\Illuminate\\Auth\\Middleware\\Authenticate.php(57): Illuminate\\Pipeline\\Pipeline->Illuminate\\Pipeline\\{closure}(Object(Illuminate\\Http\\Request))
#17 C:\\Users\\Kobsy\\Documents\\Dev\\Justagood-Media-Lab\\vendor\\laravel\\framework\\src\\Illuminate\\Pipeline\\Pipeline.php(183): Illuminate\\Auth\\Middleware\\Authenticate->handle(Object(Illuminate\\Http\\Request), Object(Closure), 'sanctum')
#18 C:\\Users\\Kobsy\\Documents\\Dev\\Justagood-Media-Lab\\vendor\\laravel\\framework\\src\\Illuminate\\Pipeline\\Pipeline.php(119): Illuminate\\Pipeline\\Pipeline->Illuminate\\Pipeline\\{closure}(Object(Illuminate\\Http\\Request))
#19 C:\\Users\\Kobsy\\Documents\\Dev\\Justagood-Media-Lab\\vendor\\laravel\\framework\\src\\Illuminate\\Routing\\Router.php(805): Illuminate\\Pipeline\\Pipeline->then(Object(Closure))
#20 C:\\Users\\Kobsy\\Documents\\Dev\\Justagood-Media-Lab\\vendor\\laravel\\framework\\src\\Illuminate\\Routing\\Router.php(784): Illuminate\\Routing\\Router->runRouteWithinStack(Object(Illuminate\\Routing\\Route), Object(Illuminate\\Http\\Request))
#21 C:\\Users\\Kobsy\\Documents\\Dev\\Justagood-Media-Lab\\vendor\\laravel\\framework\\src\\Illuminate\\Routing\\Router.php(748): Illuminate\\Routing\\Router->runRoute(Object(Illuminate\\Http\\Request), Object(Illuminate\\Routing\\Route))
#22 C:\\Users\\Kobsy\\Documents\\Dev\\Justagood-Media-Lab\\vendor\\laravel\\framework\\src\\Illuminate\\Routing\\Router.php(737): Illuminate\\Routing\\Router->dispatchToRoute(Object(Illuminate\\Http\\Request))
#23 C:\\Users\\Kobsy\\Documents\\Dev\\Justagood-Media-Lab\\vendor\\laravel\\framework\\src\\Illuminate\\Foundation\\Http\\Kernel.php(200): Illuminate\\Routing\\Router->dispatch(Object(Illuminate\\Http\\Request))
#24 C:\\Users\\Kobsy\\Documents\\Dev\\Justagood-Media-Lab\\vendor\\laravel\\framework\\src\\Illuminate\\Pipeline\\Pipeline.php(144): Illuminate\\Foundation\\Http\\Kernel->Illuminate\\Foundation\\Http\\{closure}(Object(Illuminate\\Http\\Request))
#25 C:\\Users\\Kobsy\\Documents\\Dev\\Justagood-Media-Lab\\vendor\\laravel\\framework\\src\\Illuminate\\Foundation\\Http\\Middleware\\TransformsRequest.php(21): Illuminate\\Pipeline\\Pipeline->Illuminate\\Pipeline\\{closure}(Object(Illuminate\\Http\\Request))
#26 C:\\Users\\Kobsy\\Documents\\Dev\\Justagood-Media-Lab\\vendor\\laravel\\framework\\src\\Illuminate\\Foundation\\Http\\Middleware\\ConvertEmptyStringsToNull.php(31): Illuminate\\Foundation\\Http\\Middleware\\TransformsRequest->handle(Object(Illuminate\\Http\\Request), Object(Closure))
#27 C:\\Users\\Kobsy\\Documents\\Dev\\Justagood-Media-Lab\\vendor\\laravel\\framework\\src\\Illuminate\\Pipeline\\Pipeline.php(183): Illuminate\\Foundation\\Http\\Middleware\\ConvertEmptyStringsToNull->handle(Object(Illuminate\\Http\\Request), Object(Closure))
#28 C:\\Users\\Kobsy\\Documents\\Dev\\Justagood-Media-Lab\\vendor\\laravel\\framework\\src\\Illuminate\\Foundation\\Http\\Middleware\\TransformsRequest.php(21): Illuminate\\Pipeline\\Pipeline->Illuminate\\Pipeline\\{closure}(Object(Illuminate\\Http\\Request))
#29 C:\\Users\\Kobsy\\Documents\\Dev\\Justagood-Media-Lab\\vendor\\laravel\\framework\\src\\Illuminate\\Foundation\\Http\\Middleware\\TrimStrings.php(40): Illuminate\\Foundation\\Http\\Middleware\\TransformsRequest->handle(Object(Illuminate\\Http\\Request), Object(Closure))
#30 C:\\Users\\Kobsy\\Documents\\Dev\\Justagood-Media-Lab\\vendor\\laravel\\framework\\src\\Illuminate\\Pipeline\\Pipeline.php(183): Illuminate\\Foundation\\Http\\Middleware\\TrimStrings->handle(Object(Illuminate\\Http\\Request), Object(Closure))
#31 C:\\Users\\Kobsy\\Documents\\Dev\\Justagood-Media-Lab\\vendor\\laravel\\framework\\src\\Illuminate\\Foundation\\Http\\Middleware\\ValidatePostSize.php(27): Illuminate\\Pipeline\\Pipeline->Illuminate\\Pipeline\\{closure}(Object(Illuminate\\Http\\Request))
#32 C:\\Users\\Kobsy\\Documents\\Dev\\Justagood-Media-Lab\\vendor\\laravel\\framework\\src\\Illuminate\\Pipeline\\Pipeline.php(183): Illuminate\\Foundation\\Http\\Middleware\\ValidatePostSize->handle(Object(Illuminate\\Http\\Request), Object(Closure))
#33 C:\\Users\\Kobsy\\Documents\\Dev\\Justagood-Media-Lab\\vendor\\laravel\\framework\\src\\Illuminate\\Foundation\\Http\\Middleware\\PreventRequestsDuringMaintenance.php(99): Illuminate\\Pipeline\\Pipeline->Illuminate\\Pipeline\\{closure}(Object(Illuminate\\Http\\Request))
#34 C:\\Users\\Kobsy\\Documents\\Dev\\Justagood-Media-Lab\\vendor\\laravel\\framework\\src\\Illuminate\\Pipeline\\Pipeline.php(183): Illuminate\\Foundation\\Http\\Middleware\\PreventRequestsDuringMaintenance->handle(Object(Illuminate\\Http\\Request), Object(Closure))
#35 C:\\Users\\Kobsy\\Documents\\Dev\\Justagood-Media-Lab\\vendor\\laravel\\framework\\src\\Illuminate\\Http\\Middleware\\HandleCors.php(62): Illuminate\\Pipeline\\Pipeline->Illuminate\\Pipeline\\{closure}(Object(Illuminate\\Http\\Request))
#36 C:\\Users\\Kobsy\\Documents\\Dev\\Justagood-Media-Lab\\vendor\\laravel\\framework\\src\\Illuminate\\Pipeline\\Pipeline.php(183): Illuminate\\Http\\Middleware\\HandleCors->handle(Object(Illuminate\\Http\\Request), Object(Closure))
#37 C:\\Users\\Kobsy\\Documents\\Dev\\Justagood-Media-Lab\\vendor\\laravel\\framework\\src\\Illuminate\\Http\\Middleware\\TrustProxies.php(39): Illuminate\\Pipeline\\Pipeline->Illuminate\\Pipeline\\{closure}(Object(Illuminate\\Http\\Request))
#38 C:\\Users\\Kobsy\\Documents\\Dev\\Justagood-Media-Lab\\vendor\\laravel\\framework\\src\\Illuminate\\Pipeline\\Pipeline.php(183): Illuminate\\Http\\Middleware\\TrustProxies->handle(Object(Illuminate\\Http\\Request), Object(Closure))
#39 C:\\Users\\Kobsy\\Documents\\Dev\\Justagood-Media-Lab\\vendor\\laravel\\framework\\src\\Illuminate\\Pipeline\\Pipeline.php(119): Illuminate\\Pipeline\\Pipeline->Illuminate\\Pipeline\\{closure}(Object(Illuminate\\Http\\Request))
#40 C:\\Users\\Kobsy\\Documents\\Dev\\Justagood-Media-Lab\\vendor\\laravel\\framework\\src\\Illuminate\\Foundation\\Http\\Kernel.php(175): Illuminate\\Pipeline\\Pipeline->then(Object(Closure))
#41 C:\\Users\\Kobsy\\Documents\\Dev\\Justagood-Media-Lab\\vendor\\laravel\\framework\\src\\Illuminate\\Foundation\\Http\\Kernel.php(144): Illuminate\\Foundation\\Http\\Kernel->sendRequestThroughRouter(Object(Illuminate\\Http\\Request))
#42 C:\\Users\\Kobsy\\Documents\\Dev\\Justagood-Media-Lab\\public\\index.php(51): Illuminate\\Foundation\\Http\\Kernel->handle(Object(Illuminate\\Http\\Request))
#43 C:\\Users\\Kobsy\\Documents\\Dev\\Justagood-Media-Lab\\vendor\\laravel\\framework\\src\\Illuminate\\Foundation\\resources\\server.php(16): require_once('C:\\\\Users\\\\Kobsy\\\\...')
#44 {main}
"} 
[2025-10-05 18:34:38] local.INFO: MediaController update request data: {"title":"Wednesday","category":"series","count":1,"release":"2022-11-23","rating":null,"platforms":null,"genre":"Smart, sarcastic and a little dead inside, Wednesday Addams investigates twisted mysteries while making new friends — and foes — at Nevermore Academy.","link":null,"path":"https://image.tmdb.org/t/p/w200/36xXlhEpQqVVPuiZhfoQuaY4OlA.jpg","discovered":null,"spielzeit":0,"next_season":null,"next_season_release":null,"watchlist_type":null} 
[2025-10-05 18:34:38] local.ERROR: Illuminate\Log\LogManager::info(): Argument #2 ($context) must be of type array, string given, called in C:\Users\Kobsy\Documents\Dev\Justagood-Media-Lab\vendor\laravel\framework\src\Illuminate\Support\Facades\Facade.php on line 355 {"userId":1,"exception":"[object] (TypeError(code: 0): Illuminate\\Log\\LogManager::info(): Argument #2 ($context) must be of type array, string given, called in C:\\Users\\Kobsy\\Documents\\Dev\\Justagood-Media-Lab\\vendor\\laravel\\framework\\src\\Illuminate\\Support\\Facades\\Facade.php on line 355 at C:\\Users\\Kobsy\\Documents\\Dev\\Justagood-Media-Lab\\vendor\\laravel\\framework\\src\\Illuminate\\Log\\LogManager.php:720)
[stacktrace]
#0 C:\\Users\\Kobsy\\Documents\\Dev\\Justagood-Media-Lab\\vendor\\laravel\\framework\\src\\Illuminate\\Support\\Facades\\Facade.php(355): Illuminate\\Log\\LogManager->info('MediaController...', 'not set')
#1 C:\\Users\\Kobsy\\Documents\\Dev\\Justagood-Media-Lab\\app\\Http\\Controllers\\Api\\MediaController.php(227): Illuminate\\Support\\Facades\\Facade::__callStatic('info', Array)
#2 C:\\Users\\Kobsy\\Documents\\Dev\\Justagood-Media-Lab\\vendor\\laravel\\framework\\src\\Illuminate\\Routing\\Controller.php(54): App\\Http\\Controllers\\Api\\MediaController->update(Object(Illuminate\\Http\\Request), '5')
#3 C:\\Users\\Kobsy\\Documents\\Dev\\Justagood-Media-Lab\\vendor\\laravel\\framework\\src\\Illuminate\\Routing\\ControllerDispatcher.php(43): Illuminate\\Routing\\Controller->callAction('update', Array)
#4 C:\\Users\\Kobsy\\Documents\\Dev\\Justagood-Media-Lab\\vendor\\laravel\\framework\\src\\Illuminate\\Routing\\Route.php(259): Illuminate\\Routing\\ControllerDispatcher->dispatch(Object(Illuminate\\Routing\\Route), Object(App\\Http\\Controllers\\Api\\MediaController), 'update')
#5 C:\\Users\\Kobsy\\Documents\\Dev\\Justagood-Media-Lab\\vendor\\laravel\\framework\\src\\Illuminate\\Routing\\Route.php(205): Illuminate\\Routing\\Route->runController()
#6 C:\\Users\\Kobsy\\Documents\\Dev\\Justagood-Media-Lab\\vendor\\laravel\\framework\\src\\Illuminate\\Routing\\Router.php(806): Illuminate\\Routing\\Route->run()
#7 C:\\Users\\Kobsy\\Documents\\Dev\\Justagood-Media-Lab\\vendor\\laravel\\framework\\src\\Illuminate\\Pipeline\\Pipeline.php(144): Illuminate\\Routing\\Router->Illuminate\\Routing\\{closure}(Object(Illuminate\\Http\\Request))
#8 C:\\Users\\Kobsy\\Documents\\Dev\\Justagood-Media-Lab\\app\\Http\\Middleware\\CheckCategoryDuplicates.php(21): Illuminate\\Pipeline\\Pipeline->Illuminate\\Pipeline\\{closure}(Object(Illuminate\\Http\\Request))
#9 C:\\Users\\Kobsy\\Documents\\Dev\\Justagood-Media-Lab\\vendor\\laravel\\framework\\src\\Illuminate\\Pipeline\\Pipeline.php(183): App\\Http\\Middleware\\CheckCategoryDuplicates->handle(Object(Illuminate\\Http\\Request), Object(Closure))
#10 C:\\Users\\Kobsy\\Documents\\Dev\\Justagood-Media-Lab\\vendor\\laravel\\framework\\src\\Illuminate\\Routing\\Middleware\\SubstituteBindings.php(50): Illuminate\\Pipeline\\Pipeline->Illuminate\\Pipeline\\{closure}(Object(Illuminate\\Http\\Request))
#11 C:\\Users\\Kobsy\\Documents\\Dev\\Justagood-Media-Lab\\vendor\\laravel\\framework\\src\\Illuminate\\Pipeline\\Pipeline.php(183): Illuminate\\Routing\\Middleware\\SubstituteBindings->handle(Object(Illuminate\\Http\\Request), Object(Closure))
#12 C:\\Users\\Kobsy\\Documents\\Dev\\Justagood-Media-Lab\\vendor\\laravel\\framework\\src\\Illuminate\\Routing\\Middleware\\ThrottleRequests.php(159): Illuminate\\Pipeline\\Pipeline->Illuminate\\Pipeline\\{closure}(Object(Illuminate\\Http\\Request))
#13 C:\\Users\\Kobsy\\Documents\\Dev\\Justagood-Media-Lab\\vendor\\laravel\\framework\\src\\Illuminate\\Routing\\Middleware\\ThrottleRequests.php(125): Illuminate\\Routing\\Middleware\\ThrottleRequests->handleRequest(Object(Illuminate\\Http\\Request), Object(Closure), Array)
#14 C:\\Users\\Kobsy\\Documents\\Dev\\Justagood-Media-Lab\\vendor\\laravel\\framework\\src\\Illuminate\\Routing\\Middleware\\ThrottleRequests.php(87): Illuminate\\Routing\\Middleware\\ThrottleRequests->handleRequestUsingNamedLimiter(Object(Illuminate\\Http\\Request), Object(Closure), 'api', Object(Closure))
#15 C:\\Users\\Kobsy\\Documents\\Dev\\Justagood-Media-Lab\\vendor\\laravel\\framework\\src\\Illuminate\\Pipeline\\Pipeline.php(183): Illuminate\\Routing\\Middleware\\ThrottleRequests->handle(Object(Illuminate\\Http\\Request), Object(Closure), 'api')
#16 C:\\Users\\Kobsy\\Documents\\Dev\\Justagood-Media-Lab\\vendor\\laravel\\framework\\src\\Illuminate\\Auth\\Middleware\\Authenticate.php(57): Illuminate\\Pipeline\\Pipeline->Illuminate\\Pipeline\\{closure}(Object(Illuminate\\Http\\Request))
#17 C:\\Users\\Kobsy\\Documents\\Dev\\Justagood-Media-Lab\\vendor\\laravel\\framework\\src\\Illuminate\\Pipeline\\Pipeline.php(183): Illuminate\\Auth\\Middleware\\Authenticate->handle(Object(Illuminate\\Http\\Request), Object(Closure), 'sanctum')
#18 C:\\Users\\Kobsy\\Documents\\Dev\\Justagood-Media-Lab\\vendor\\laravel\\framework\\src\\Illuminate\\Pipeline\\Pipeline.php(119): Illuminate\\Pipeline\\Pipeline->Illuminate\\Pipeline\\{closure}(Object(Illuminate\\Http\\Request))
#19 C:\\Users\\Kobsy\\Documents\\Dev\\Justagood-Media-Lab\\vendor\\laravel\\framework\\src\\Illuminate\\Routing\\Router.php(805): Illuminate\\Pipeline\\Pipeline->then(Object(Closure))
#20 C:\\Users\\Kobsy\\Documents\\Dev\\Justagood-Media-Lab\\vendor\\laravel\\framework\\src\\Illuminate\\Routing\\Router.php(784): Illuminate\\Routing\\Router->runRouteWithinStack(Object(Illuminate\\Routing\\Route), Object(Illuminate\\Http\\Request))
#21 C:\\Users\\Kobsy\\Documents\\Dev\\Justagood-Media-Lab\\vendor\\laravel\\framework\\src\\Illuminate\\Routing\\Router.php(748): Illuminate\\Routing\\Router->runRoute(Object(Illuminate\\Http\\Request), Object(Illuminate\\Routing\\Route))
#22 C:\\Users\\Kobsy\\Documents\\Dev\\Justagood-Media-Lab\\vendor\\laravel\\framework\\src\\Illuminate\\Routing\\Router.php(737): Illuminate\\Routing\\Router->dispatchToRoute(Object(Illuminate\\Http\\Request))
#23 C:\\Users\\Kobsy\\Documents\\Dev\\Justagood-Media-Lab\\vendor\\laravel\\framework\\src\\Illuminate\\Foundation\\Http\\Kernel.php(200): Illuminate\\Routing\\Router->dispatch(Object(Illuminate\\Http\\Request))
#24 C:\\Users\\Kobsy\\Documents\\Dev\\Justagood-Media-Lab\\vendor\\laravel\\framework\\src\\Illuminate\\Pipeline\\Pipeline.php(144): Illuminate\\Foundation\\Http\\Kernel->Illuminate\\Foundation\\Http\\{closure}(Object(Illuminate\\Http\\Request))
#25 C:\\Users\\Kobsy\\Documents\\Dev\\Justagood-Media-Lab\\vendor\\laravel\\framework\\src\\Illuminate\\Foundation\\Http\\Middleware\\TransformsRequest.php(21): Illuminate\\Pipeline\\Pipeline->Illuminate\\Pipeline\\{closure}(Object(Illuminate\\Http\\Request))
#26 C:\\Users\\Kobsy\\Documents\\Dev\\Justagood-Media-Lab\\vendor\\laravel\\framework\\src\\Illuminate\\Foundation\\Http\\Middleware\\ConvertEmptyStringsToNull.php(31): Illuminate\\Foundation\\Http\\Middleware\\TransformsRequest->handle(Object(Illuminate\\Http\\Request), Object(Closure))
#27 C:\\Users\\Kobsy\\Documents\\Dev\\Justagood-Media-Lab\\vendor\\laravel\\framework\\src\\Illuminate\\Pipeline\\Pipeline.php(183): Illuminate\\Foundation\\Http\\Middleware\\ConvertEmptyStringsToNull->handle(Object(Illuminate\\Http\\Request), Object(Closure))
#28 C:\\Users\\Kobsy\\Documents\\Dev\\Justagood-Media-Lab\\vendor\\laravel\\framework\\src\\Illuminate\\Foundation\\Http\\Middleware\\TransformsRequest.php(21): Illuminate\\Pipeline\\Pipeline->Illuminate\\Pipeline\\{closure}(Object(Illuminate\\Http\\Request))
#29 C:\\Users\\Kobsy\\Documents\\Dev\\Justagood-Media-Lab\\vendor\\laravel\\framework\\src\\Illuminate\\Foundation\\Http\\Middleware\\TrimStrings.php(40): Illuminate\\Foundation\\Http\\Middleware\\TransformsRequest->handle(Object(Illuminate\\Http\\Request), Object(Closure))
#30 C:\\Users\\Kobsy\\Documents\\Dev\\Justagood-Media-Lab\\vendor\\laravel\\framework\\src\\Illuminate\\Pipeline\\Pipeline.php(183): Illuminate\\Foundation\\Http\\Middleware\\TrimStrings->handle(Object(Illuminate\\Http\\Request), Object(Closure))
#31 C:\\Users\\Kobsy\\Documents\\Dev\\Justagood-Media-Lab\\vendor\\laravel\\framework\\src\\Illuminate\\Foundation\\Http\\Middleware\\ValidatePostSize.php(27): Illuminate\\Pipeline\\Pipeline->Illuminate\\Pipeline\\{closure}(Object(Illuminate\\Http\\Request))
#32 C:\\Users\\Kobsy\\Documents\\Dev\\Justagood-Media-Lab\\vendor\\laravel\\framework\\src\\Illuminate\\Pipeline\\Pipeline.php(183): Illuminate\\Foundation\\Http\\Middleware\\ValidatePostSize->handle(Object(Illuminate\\Http\\Request), Object(Closure))
#33 C:\\Users\\Kobsy\\Documents\\Dev\\Justagood-Media-Lab\\vendor\\laravel\\framework\\src\\Illuminate\\Foundation\\Http\\Middleware\\PreventRequestsDuringMaintenance.php(99): Illuminate\\Pipeline\\Pipeline->Illuminate\\Pipeline\\{closure}(Object(Illuminate\\Http\\Request))
#34 C:\\Users\\Kobsy\\Documents\\Dev\\Justagood-Media-Lab\\vendor\\laravel\\framework\\src\\Illuminate\\Pipeline\\Pipeline.php(183): Illuminate\\Foundation\\Http\\Middleware\\PreventRequestsDuringMaintenance->handle(Object(Illuminate\\Http\\Request), Object(Closure))
#35 C:\\Users\\Kobsy\\Documents\\Dev\\Justagood-Media-Lab\\vendor\\laravel\\framework\\src\\Illuminate\\Http\\Middleware\\HandleCors.php(62): Illuminate\\Pipeline\\Pipeline->Illuminate\\Pipeline\\{closure}(Object(Illuminate\\Http\\Request))
#36 C:\\Users\\Kobsy\\Documents\\Dev\\Justagood-Media-Lab\\vendor\\laravel\\framework\\src\\Illuminate\\Pipeline\\Pipeline.php(183): Illuminate\\Http\\Middleware\\HandleCors->handle(Object(Illuminate\\Http\\Request), Object(Closure))
#37 C:\\Users\\Kobsy\\Documents\\Dev\\Justagood-Media-Lab\\vendor\\laravel\\framework\\src\\Illuminate\\Http\\Middleware\\TrustProxies.php(39): Illuminate\\Pipeline\\Pipeline->Illuminate\\Pipeline\\{closure}(Object(Illuminate\\Http\\Request))
#38 C:\\Users\\Kobsy\\Documents\\Dev\\Justagood-Media-Lab\\vendor\\laravel\\framework\\src\\Illuminate\\Pipeline\\Pipeline.php(183): Illuminate\\Http\\Middleware\\TrustProxies->handle(Object(Illuminate\\Http\\Request), Object(Closure))
#39 C:\\Users\\Kobsy\\Documents\\Dev\\Justagood-Media-Lab\\vendor\\laravel\\framework\\src\\Illuminate\\Pipeline\\Pipeline.php(119): Illuminate\\Pipeline\\Pipeline->Illuminate\\Pipeline\\{closure}(Object(Illuminate\\Http\\Request))
#40 C:\\Users\\Kobsy\\Documents\\Dev\\Justagood-Media-Lab\\vendor\\laravel\\framework\\src\\Illuminate\\Foundation\\Http\\Kernel.php(175): Illuminate\\Pipeline\\Pipeline->then(Object(Closure))
#41 C:\\Users\\Kobsy\\Documents\\Dev\\Justagood-Media-Lab\\vendor\\laravel\\framework\\src\\Illuminate\\Foundation\\Http\\Kernel.php(144): Illuminate\\Foundation\\Http\\Kernel->sendRequestThroughRouter(Object(Illuminate\\Http\\Request))
#42 C:\\Users\\Kobsy\\Documents\\Dev\\Justagood-Media-Lab\\public\\index.php(51): Illuminate\\Foundation\\Http\\Kernel->handle(Object(Illuminate\\Http\\Request))
#43 C:\\Users\\Kobsy\\Documents\\Dev\\Justagood-Media-Lab\\vendor\\laravel\\framework\\src\\Illuminate\\Foundation\\resources\\server.php(16): require_once('C:\\\\Users\\\\Kobsy\\\\...')
#44 {main}
"} 
[2025-10-05 18:44:31] local.INFO: MediaController update request data: {"title":"Wednesday","category":"series","count":1,"release":"2022-11-23","rating":5,"platforms":null,"genre":"Smart, sarcastic and a little dead inside, Wednesday Addams investigates twisted mysteries while making new friends — and foes — at Nevermore Academy.","link":null,"path":"https://image.tmdb.org/t/p/w200/36xXlhEpQqVVPuiZhfoQuaY4OlA.jpg","discovered":null,"spielzeit":0,"next_season":null,"next_season_release":null,"watchlist_type":null} 
[2025-10-05 18:44:31] local.INFO: MediaController rating value: 5  
[2025-10-05 18:44:31] local.INFO: Broadcasting [media.updated] on channels [media-updates] with payload:
{
    "id": 5,
    "action": "updated",
    "item": {
        "id": 5,
        "category_id": 29,
        "title": "Wednesday",
        "category": "series",
        "watchlist_type": null,
        "release": "2022-11-23",
        "rating": 5,
        "count": 1,
        "platforms": null,
        "genre": "Smart, sarcastic and a little dead inside, Wednesday Addams investigates twisted mysteries while making new friends \u2014 and foes \u2014 at Nevermore Academy.",
        "description": null,
        "link": null,
        "path": "https:\/\/image.tmdb.org\/t\/p\/w200\/36xXlhEpQqVVPuiZhfoQuaY4OlA.jpg",
        "image_url": "https:\/\/image.tmdb.org\/t\/p\/w200\/36xXlhEpQqVVPuiZhfoQuaY4OlA.jpg",
        "discovered": null,
        "spielzeit": 0,
        "is_airing": false,
        "next_season": null,
        "next_season_release": null,
        "external_id": null,
        "created_at": "2025-10-05T18:19:07.000000Z",
        "updated_at": "2025-10-05T18:44:31.000000Z",
        "user_id": 1,
        "category_name": "series"
    },
    "timestamp": "2025-10-05T18:44:31.181073Z",
    "user_id": 1,
    "socket": null
}  
